08:58:36 **** Incremental Build of configuration Debug for project LPC55S69_Projectlab3 ****
make -r -j16 all 
Building file: ../board/pin_mux.c
Invoking: MCU C Compiler
arm-none-eabi-gcc -D__REDLIB__ -DCPU_LPC55S69JBD100 -DCPU_LPC55S69JBD100_cm33 -DCPU_LPC55S69JBD100_cm33_core0 -DSDK_OS_BAREMETAL -DSERIAL_PORT_TYPE_UART=1 -DSDK_DEBUGCONSOLE=1 -DCR_INTEGER_PRINTF -DPRINTF_FLOAT_ENABLE=0 -D__MCUXPRESSO -D__USE_CMSIS -DDEBUG -I"C:\Users\dimit\Documents\MCUXpressoIDE_11.10.0_3148\workspace\LPC55S69_Projectlab3\board" -I"C:\Users\dimit\Documents\MCUXpressoIDE_11.10.0_3148\workspace\LPC55S69_Projectlab3\source" -I"C:\Users\dimit\Documents\MCUXpressoIDE_11.10.0_3148\workspace\LPC55S69_Projectlab3\utilities" -I"C:\Users\dimit\Documents\MCUXpressoIDE_11.10.0_3148\workspace\LPC55S69_Projectlab3\drivers" -I"C:\Users\dimit\Documents\MCUXpressoIDE_11.10.0_3148\workspace\LPC55S69_Projectlab3\component\uart" -I"C:\Users\dimit\Documents\MCUXpressoIDE_11.10.0_3148\workspace\LPC55S69_Projectlab3\component\serial_manager" -I"C:\Users\dimit\Documents\MCUXpressoIDE_11.10.0_3148\workspace\LPC55S69_Projectlab3\device" -I"C:\Users\dimit\Documents\MCUXpressoIDE_11.10.0_3148\workspace\LPC55S69_Projectlab3\CMSIS" -I"C:\Users\dimit\Documents\MCUXpressoIDE_11.10.0_3148\workspace\LPC55S69_Projectlab3\component\lists" -I"C:\Users\dimit\Documents\MCUXpressoIDE_11.10.0_3148\workspace\LPC55S69_Projectlab3\startup" -O0 -fno-common -g3 -gdwarf-4 -Wall -c -ffunction-sections -fdata-sections -fno-builtin -fmerge-constants -fmacro-prefix-map="../board/"= -mcpu=cortex-m33 -mfpu=fpv5-sp-d16 -mfloat-abi=hard -mthumb -D__REDLIB__ -fstack-usage -specs=redlib.specs -MMD -MP -MF"board/pin_mux.d" -MT"board/pin_mux.o" -MT"board/pin_mux.d" -o "board/pin_mux.o" "../board/pin_mux.c"
../board/pin_mux.c:23:10: fatal error: fsl_inputmux.h: No such file or directory
   23 | #include "fsl_inputmux.h"
      |          ^~~~~~~~~~~~~~~~
compilation terminated.
make[1]: *** [board/subdir.mk:29: board/pin_mux.o] Error 1
make: *** [makefile:43: all] Error 2
"make -r -j16 all" terminated with exit code 2. Build might be incomplete.

08:58:37 Build Failed. 3 errors, 0 warnings. (took 309ms)

